wear/build/outputs/logs/manifest-merger-release-report.txt
-- Merging decision tree log ---
manifest
ADDED from src\main\AndroidManifest.xml:2:1-91:12
	package
		ADDED from src\main\AndroidManifest.xml:3:5-47
		INJECTED from src\main\AndroidManifest.xml
		INJECTED from src\main\AndroidManifest.xml
	android:versionName
		INJECTED from src\main\AndroidManifest.xml
		INJECTED from src\main\AndroidManifest.xml
	xmlns:android
		ADDED from src\main\AndroidManifest.xml:2:11-69
	android:versionCode
		INJECTED from src\main\AndroidManifest.xml
		INJECTED from src\main\AndroidManifest.xml
uses-feature#android.hardware.type.watch
ADDED from src\main\AndroidManifest.xml:5:5-64
	android:name
		ADDED from src\main\AndroidManifest.xml:5:19-61
uses-permission#android.permission.WAKE_LOCK
ADDED from src\main\AndroidManifest.xml:8:5-68
	android:name
		ADDED from src\main\AndroidManifest.xml:8:22-65
uses-permission#com.google.android.permission.PROVIDE_BACKGROUND
ADDED from src\main\AndroidManifest.xml:9:5-88
	android:name
		ADDED from src\main\AndroidManifest.xml:9:22-85
application
ADDED from src\main\AndroidManifest.xml:10:5-88:19
MERGED from [com.google.android.support:wearable:2.0.0-alpha2] AndroidManifest.xml:6:5-19
MERGED from [com.android.support:support-v4:23.0.1] AndroidManifest.xml:22:5-20
MERGED from [com.google.android.gms:play-services-wearable:9.4.0] AndroidManifest.xml:19:5-20
MERGED from [com.google.android.gms:play-services-base:9.4.0] AndroidManifest.xml:19:5-23:19
MERGED from [com.google.android.gms:play-services-basement:9.4.0] AndroidManifest.xml:20:5-24:19
MERGED from [com.google.android.gms:play-services-tasks:9.4.0] AndroidManifest.xml:5:5-20
	android:label
		ADDED from src\main\AndroidManifest.xml:13:9-41
	android:supportsRtl
		ADDED from src\main\AndroidManifest.xml:14:9-35
	android:allowBackup
		ADDED from src\main\AndroidManifest.xml:11:9-35
	android:icon
		ADDED from src\main\AndroidManifest.xml:12:9-40
	android:theme
		ADDED from src\main\AndroidManifest.xml:15:9-59
service#com.sigmabrio.penchi.binarywatch.BinaryFace
ADDED from src\main\AndroidManifest.xml:16:9-58:19
	android:label
		ADDED from src\main\AndroidManifest.xml:19:13-49
	android:permission
		ADDED from src\main\AndroidManifest.xml:20:13-67
	android:name
		ADDED from src\main\AndroidManifest.xml:18:13-39
intent-filter#com.google.android.gms.wearable.DATA_CHANGED
ADDED from src\main\AndroidManifest.xml:21:13-23:29
action#com.google.android.gms.wearable.DATA_CHANGED
ADDED from src\main\AndroidManifest.xml:22:17-87
	android:name
		ADDED from src\main\AndroidManifest.xml:22:25-84
meta-data#android.service.wallpaper
ADDED from src\main\AndroidManifest.xml:24:13-26:54
	android:resource
		ADDED from src\main\AndroidManifest.xml:26:17-51
	android:name
		ADDED from src\main\AndroidManifest.xml:25:17-57
meta-data#com.google.android.wearable.watchface.preview
ADDED from src\main\AndroidManifest.xml:27:13-29:55
	android:resource
		ADDED from src\main\AndroidManifest.xml:29:17-52
	android:name
		ADDED from src\main\AndroidManifest.xml:28:17-77
meta-data#com.google.android.wearable.watchface.preview_circular
ADDED from src\main\AndroidManifest.xml:30:13-32:55
	android:resource
		ADDED from src\main\AndroidManifest.xml:32:17-52
	android:name
		ADDED from src\main\AndroidManifest.xml:31:17-86
intent-filter#android.service.wallpaper.WallpaperService+com.google.android.wearable.watchface.category.WATCH_FACE
ADDED from src\main\AndroidManifest.xml:34:13-38:29
action#android.service.wallpaper.WallpaperService
ADDED from src\main\AndroidManifest.xml:35:17-85
	android:name
		ADDED from src\main\AndroidManifest.xml:35:25-82
category#com.google.android.wearable.watchface.category.WATCH_FACE
ADDED from src\main\AndroidManifest.xml:37:17-102
	android:name
		ADDED from src\main\AndroidManifest.xml:37:27-99
meta-data#com.google.android.wearable.watchface.companionConfigurationAction
ADDED from src\main\AndroidManifest.xml:41:13-43:89
	android:value
		ADDED from src\main\AndroidManifest.xml:43:17-86
	android:name
		ADDED from src\main\AndroidManifest.xml:42:17-98
meta-data#com.google.android.wearable.watchface.wearableConfigurationAction
ADDED from src\main\AndroidManifest.xml:45:13-47:89
	android:value
		ADDED from src\main\AndroidManifest.xml:47:17-86
	android:name
		ADDED from src\main\AndroidManifest.xml:46:17-97
meta-data#com.google.android.gms.version
ADDED from src\main\AndroidManifest.xml:59:9-61:69
MERGED from [com.google.android.gms:play-services-basement:9.4.0] AndroidManifest.xml:21:9-23:69
	android:value
		ADDED from src\main\AndroidManifest.xml:61:13-66
	android:name
		ADDED from src\main\AndroidManifest.xml:60:13-58
activity#com.sigmabrio.penchi.binarywatch.ConfigActivity
ADDED from src\main\AndroidManifest.xml:62:9-80:20
	android:label
		ADDED from src\main\AndroidManifest.xml:65:13-45
	android:name
		ADDED from src\main\AndroidManifest.xml:64:13-43
intent-filter#android.intent.action.MAIN
ADDED from src\main\AndroidManifest.xml:67:13-69:29
action#android.intent.action.MAIN
ADDED from src\main\AndroidManifest.xml:68:17-69
	android:name
		ADDED from src\main\AndroidManifest.xml:68:25-66
intent-filter#android.intent.category.DEFAULT+com.example.android.wearable.watchface.CONFIG_DIGITAL+com.google.android.wearable.watchface.category.WEARABLE_CONFIGURATION
ADDED from src\main\AndroidManifest.xml:72:13-78:29
action#com.example.android.wearable.watchface.CONFIG_DIGITAL
ADDED from src\main\AndroidManifest.xml:73:17-96
	android:name
		ADDED from src\main\AndroidManifest.xml:73:25-93
category#com.google.android.wearable.watchface.category.WEARABLE_CONFIGURATION
ADDED from src\main\AndroidManifest.xml:75:17-114
	android:name
		ADDED from src\main\AndroidManifest.xml:75:27-111
category#android.intent.category.DEFAULT
ADDED from src\main\AndroidManifest.xml:76:17-76
	android:name
		ADDED from src\main\AndroidManifest.xml:76:27-73
activity#com.sigmabrio.penchi.binarywatch.ColoresActivity
ADDED from src\main\AndroidManifest.xml:81:9-83:62
	android:label
		ADDED from src\main\AndroidManifest.xml:83:13-59
	android:name
		ADDED from src\main\AndroidManifest.xml:82:13-44
activity#com.sigmabrio.penchi.binarywatch.CreditosActivity
ADDED from src\main\AndroidManifest.xml:84:9-86:63
	android:label
		ADDED from src\main\AndroidManifest.xml:86:13-60
	android:name
		ADDED from src\main\AndroidManifest.xml:85:13-45
uses-sdk
INJECTED from src\main\AndroidManifest.xml reason: use-sdk injection requested
MERGED from [com.google.android.support:wearable:2.0.0-alpha2] AndroidManifest.xml:4:5-72
MERGED from [com.android.support:support-v4:23.0.1] AndroidManifest.xml:20:5-43
MERGED from [com.android.support:recyclerview-v7:23.0.1] AndroidManifest.xml:20:5-43
MERGED from [com.google.android.gms:play-services-wearable:9.4.0] AndroidManifest.xml:18:5-42
MERGED from [com.google.android.gms:play-services-base:9.4.0] AndroidManifest.xml:18:5-42
MERGED from [com.google.android.gms:play-services-basement:9.4.0] AndroidManifest.xml:18:5-42
MERGED from [com.google.android.gms:play-services-tasks:9.4.0] AndroidManifest.xml:4:5-43
	android:targetSdkVersion
		INJECTED from src\main\AndroidManifest.xml
		INJECTED from src\main\AndroidManifest.xml
	android:minSdkVersion
		INJECTED from src\main\AndroidManifest.xml
		INJECTED from src\main\AndroidManifest.xml
activity#com.google.android.gms.common.api.GoogleApiActivity
ADDED from [com.google.android.gms:play-services-base:9.4.0] AndroidManifest.xml:20:9-22:45
	android:exported
		ADDED from [com.google.android.gms:play-services-base:9.4.0] AndroidManifest.xml:22:19-43
	android:theme
		ADDED from [com.google.android.gms:play-services-base:9.4.0] AndroidManifest.xml:21:19-78
	android:name
		ADDED from [com.google.android.gms:play-services-base:9.4.0] AndroidManifest.xml:20:19-85